<?xml version="1.0" encoding="UTF-8"?>
<testng-results ignored="0" total="1" passed="1" failed="0" skipped="0">
  <reporter-output>
  </reporter-output>
  <suite started-at="2022-03-28T04:45:11Z" name="Suite" finished-at="2022-03-28T04:45:43Z" duration-ms="32466">
    <groups>
    </groups>
    <test started-at="2022-03-28T04:45:11Z" name="Test" finished-at="2022-03-28T04:45:43Z" duration-ms="32466">
      <class name="com.crm.qa.testcases.LoginPageTest">
        <test-method is-config="true" signature="initialization()[pri:0, instance:com.crm.qa.testcases.LoginPageTest@21129f1f]" started-at="2022-03-28T10:14:55Z" name="initialization" finished-at="2022-03-28T10:15:11Z" duration-ms="16007" status="PASS">
          <reporter-output>
          </reporter-output>
        </test-method> <!-- initialization -->
        <test-method signature="loginTest()[pri:1, instance:com.crm.qa.testcases.LoginPageTest@21129f1f]" started-at="2022-03-28T10:15:11Z" name="loginTest" finished-at="2022-03-28T10:15:43Z" duration-ms="32450" status="PASS">
          <reporter-output>
          </reporter-output>
        </test-method> <!-- loginTest -->
        <test-method is-config="true" signature="tearDown()[pri:0, instance:com.crm.qa.testcases.LoginPageTest@21129f1f]" started-at="2022-03-28T10:15:44Z" name="tearDown" finished-at="2022-03-28T10:15:44Z" duration-ms="209" status="PASS">
          <reporter-output>
          </reporter-output>
        </test-method> <!-- tearDown -->
      </class> <!-- com.crm.qa.testcases.LoginPageTest -->
    </test> <!-- Test -->
  </suite> <!-- Suite -->
</testng-results>
