<?xml version="1.0" encoding="UTF-8"?>
<testng-results ignored="0" total="1" passed="1" failed="0" skipped="0">
  <reporter-output>
  </reporter-output>
  <suite started-at="2022-03-28T04:07:23Z" name="Default suite" finished-at="2022-03-28T04:08:02Z" duration-ms="38492">
    <groups>
    </groups>
    <test started-at="2022-03-28T04:07:23Z" name="Default test" finished-at="2022-03-28T04:08:02Z" duration-ms="38492">
      <class name="com.crm.qa.testcases.LoginPageTest">
        <test-method is-config="true" signature="initialization()[pri:0, instance:com.crm.qa.testcases.LoginPageTest@6853425f]" started-at="2022-03-28T09:37:05Z" name="initialization" finished-at="2022-03-28T09:37:23Z" duration-ms="17783" status="PASS">
          <reporter-output>
          </reporter-output>
        </test-method> <!-- initialization -->
        <test-method signature="loginTest()[pri:1, instance:com.crm.qa.testcases.LoginPageTest@6853425f]" started-at="2022-03-28T09:37:23Z" name="loginTest" finished-at="2022-03-28T09:38:02Z" duration-ms="38481" status="PASS">
          <reporter-output>
          </reporter-output>
        </test-method> <!-- loginTest -->
        <test-method is-config="true" signature="tearDown()[pri:0, instance:com.crm.qa.testcases.LoginPageTest@6853425f]" started-at="2022-03-28T09:38:02Z" name="tearDown" finished-at="2022-03-28T09:38:02Z" duration-ms="249" status="PASS">
          <reporter-output>
          </reporter-output>
        </test-method> <!-- tearDown -->
      </class> <!-- com.crm.qa.testcases.LoginPageTest -->
    </test> <!-- Default test -->
  </suite> <!-- Default suite -->
</testng-results>
